<?xml version="1.0" encoding="UTF-8" ?>
<testsuite failures="0" time="0.009" errors="2" skipped="0" tests="2" name="CukeRunnerTest">
  <properties>
[...]
</properties>
  <testcase time="0.004" classname="| Juan.Epam | Password123$ | Juan.Epam | Test Drafting |" name="Given the user &apos;Juan.Epam&apos; loggs in using his password &apos;Password123$&apos;">
    <error type="java.lang.NullPointerException">java.lang.NullPointerException
	at utils.PageModel.navigate(PageModel.java:29)
	at GmailTest.GmailTest.theUserLoggsInUsingHisUserNameAndPassword(GmailTest.java:24)
	at ✽.Given the user &apos;Juan.Epam&apos; loggs in using his password &apos;Password123$&apos;(draftingGmailFeatures/draftingMail.feature:5)
</error>
    <system-out>Feature: This feature tests the drafts in Gmail

  @prueba
  Scenario Outline: this scenario tests how user logs in gmail, navigates to drafts and verifies draft stored mail &amp;#27;[90m# draftingGmailFeatures/draftingMail.feature:4&amp;#27;[0m
    &amp;#27;[36mGiven &amp;#27;[0m&amp;#27;[36mthe user &apos;&lt;userName&gt;&apos; loggs in using his password &apos;&lt;password&gt;&apos;&amp;#27;[0m

    #    And starts composing a new email providing recipient &apos;&lt;recipient&gt;&apos; and topic &apos;&lt;topic&gt;&apos;
    #    When user mail coposing is interrupted
    #    Then verify email is stored in draft&apos;s folder
    Examples: 
</system-out>
    <system-err>log4j:WARN No appenders could be found for logger (org.apache.http.client.protocol.RequestAddCookies).
log4j:WARN Please initialize the log4j system properly.
log4j:WARN See http://logging.apache.org/log4j/1.2/faq.html#noconfig for more info.
</system-err>
  </testcase>
  <testcase time="0.005" classname="| Juan.Epam | Password123$ | Juan.Epam | Test Drafting |" name="| Juan.Epam | Password123$ | Juan.Epam | Test Drafting |">
    <error type="java.lang.NullPointerException">java.lang.NullPointerException
	at utils.PageModel.navigate(PageModel.java:29)
	at GmailTest.GmailTest.theUserLoggsInUsingHisUserNameAndPassword(GmailTest.java:24)
	at ✽.Given the user &apos;Juan.Epam&apos; loggs in using his password &apos;Password123$&apos;(draftingGmailFeatures/draftingMail.feature:5)
</error>
  </testcase>
</testsuite>